<?xml version="1.0" encoding="UTF-8"?>
<!-- Generated by org.testng.reporters.JUnitReportReporter -->
<testsuite hostname="DESKTOP-G73396H" failures="0" tests="1" name="tests.ButtonClickTest" time="12.808" errors="0" timestamp="2023-06-19T13:33:12 EEST" skipped="0">
  <testcase classname="tests.ButtonClickTest" name="testClickMe" time="12.808"/>
  <system-out/>
</testsuite> <!-- tests.ButtonClickTest -->
