<?xml version="1.0" encoding="UTF-8"?>
<!-- Generated by org.testng.reporters.JUnitReportReporter -->
<testsuite hostname="DESKTOP-G73396H" failures="0" tests="1" name="tests.ButtonClickTest" time="16.594" errors="0" timestamp="2023-07-26T07:51:15 EEST" skipped="0">
  <testcase classname="tests.ButtonClickTest" name="testClickMe" time="16.594"/>
  <system-out/>
</testsuite> <!-- tests.ButtonClickTest -->
