<?xml version="1.0" encoding="UTF-8"?>
<!-- Generated by org.testng.reporters.JUnitReportReporter -->
<testsuite hostname="DESKTOP-G73396H" failures="0" tests="1" name="tests.ActionsWithUserTest" time="6.209" errors="0" timestamp="2023-06-19T13:33:12 EEST" skipped="0">
  <testcase classname="tests.ActionsWithUserTest" name="testAddEditUser" time="6.209"/>
  <system-out/>
</testsuite> <!-- tests.ActionsWithUserTest -->
